<?xml version="1.0" encoding="UTF-8"?>
<testsuite name="MusicAdvisorTest" tests="1" skipped="0" failures="0" errors="0" timestamp="2022-01-19T05:37:32" hostname="DESKTOP-59NT9JF" time="0.23">
  <properties/>
  <testcase name="start" classname="MusicAdvisorTest" time="0.23"/>
  <system-out><![CDATA[?[1;31m
Start test 1?[0m
> featured
---FEATURED---
Mellow Morning
Wake Up and Smell the Coffee
Monday Motivation
Songs to Sing in the Shower
> new
---NEW RELEASES---
Mountains [Sia, Diplo, Labrinth]
Runaway [Lil Peep]
The Greatest Show [Panic! At The Disco]
All Out Life [Slipknot]
> exit
---GOODBYE!---
?[1;31m
Start test 2?[0m
> new
---NEW RELEASES---
Mountains [Sia, Diplo, Labrinth]
Runaway [Lil Peep]
The Greatest Show [Panic! At The Disco]
All Out Life [Slipknot]
> exit
---GOODBYE!---
?[1;31m
Start test 3?[0m
> categories
---CATEGORIES---
Top Lists
Pop
Mood
Latin
> exit
---GOODBYE!---
?[1;31m
Start test 4?[0m
> playlists Mood
---MOOD PLAYLISTS---
Walk Like A Badass
Rage Beats
Arab Mood Booster
Sunday Stroll
> categories
---CATEGORIES---
Top Lists
Pop
Mood
Latin
> exit
---GOODBYE!---
?[1;31m
Start test 5?[0m
> exit
---GOODBYE!---
]]></system-out>
  <system-err><![CDATA[]]></system-err>
</testsuite>
